======================================================================
FASE 6E - 30-MINUTE VALIDATION TEST (stream.Close() FIX)
======================================================================
Target: 55 containers, 30 minutes (15 checkpoints)
Expected: <2 goroutines/min growth, >0 rotations
Fix: stream.Close() to interrupt blocking syscalls
Start: 2025-11-07 02:52:14

TESTING NEW FIX: stream.Close() approach

Getting baseline metrics...
Baseline established:
  Goroutines: 1376
  File Descriptors: 666
  Active Streams: 50

======================================================================
CHECKPOINT 1/15 - Elapsed: 2min (120s)
======================================================================
Time: 2025-11-07 02:52:19

Goroutines: 1376
  Growth: 0 (+0/min)
  ✅ PASSING (<2/min)

Active Streams: 50

File Descriptors: 666
  Growth: 0
  ✅ PASSING (<100)

Total Rotations: 0

Progress: [  6%] ██░░░░░░░░░░░░░░░░░░

======================================================================
CHECKPOINT 2/15 - Elapsed: 4min (240s)
======================================================================
Time: 2025-11-07 02:54:22

Goroutines: 2006
  Growth: 630 (+157.50/min)
  ❌ FAILING (>2/min)

Active Streams: 50

File Descriptors: 967
  Growth: 301
  ❌ FAILING (>100)

Total Rotations: 0

Progress: [ 13%] ███░░░░░░░░░░░░░░░░░

======================================================================
CHECKPOINT 3/15 - Elapsed: 6min (360s)
======================================================================
Time: 2025-11-07 02:56:24

Goroutines: 2557
  Growth: 1181 (+196.83/min)
  ❌ FAILING (>2/min)

Active Streams: 50

File Descriptors: 1238
  Growth: 572
  ❌ FAILING (>100)

Total Rotations: 0
  ⚠️ WARNING: No rotations yet!

Progress: [ 20%] ████░░░░░░░░░░░░░░░░

======================================================================
CHECKPOINT 4/15 - Elapsed: 8min (480s)
======================================================================
Time: 2025-11-07 02:58:26

Goroutines: 3173
  Growth: 1797 (+224.62/min)
  ❌ FAILING (>2/min)

Active Streams: 50

File Descriptors: 1542
  Growth: 876
  ❌ FAILING (>100)

Total Rotations: 0
  ⚠️ WARNING: No rotations yet!

Progress: [ 26%] ██████░░░░░░░░░░░░░░

