======================================================================
CHECKPOINT 1/15 - Elapsed: 0min (0s)
======================================================================
Time: 2025-11-07 08:50:03

Goroutines: 369
  Growth: 0 (/min)
  вљ пёЏ HIGH (>40/min)

Active Streams: 
  вњ… Monitoring active

File Descriptors: 174
  Growth: 0
  вњ… FD OK (<100)

Total Rotations: 0
  New rotations: 0
  вљ пёЏ WARNING: No rotations yet!

Progress: [  6%] вввввввввввввввввввв

======================================================================

======================================================================
CHECKPOINT 2/15 - Elapsed: 2min (120s)
======================================================================
Time: 2025-11-07 08:52:03

Goroutines: 433
  Growth: 64 (32.00/min)
  вњ“ ACCEPTABLE (<40/min - similar to FASE 6G)

Active Streams: 
  вњ… Monitoring active

File Descriptors: 206
  Growth: 32
  вњ… FD OK (<100)

Total Rotations: 0
  New rotations: 0
  вљ пёЏ WARNING: No rotations yet!

Progress: [ 13%] вввввввввввввввввввв

======================================================================

======================================================================
CHECKPOINT 3/15 - Elapsed: 4min (241s)
======================================================================
Time: 2025-11-07 08:54:04

Goroutines: 497
  Growth: 128 (31.92/min)
  вњ“ ACCEPTABLE (<40/min - similar to FASE 6G)

Active Streams: 
  вњ… Monitoring active

File Descriptors: 238
  Growth: 64
  вњ… FD OK (<100)

Total Rotations: 0
  New rotations: 0
  вљ пёЏ WARNING: No rotations yet!

Progress: [ 20%] вввввввввввввввввввв

======================================================================

======================================================================
CHECKPOINT 4/15 - Elapsed: 6min (361s)
======================================================================
Time: 2025-11-07 08:56:04

Goroutines: 543
  Growth: 174 (28.95/min)
  вњ“ ACCEPTABLE (<40/min - similar to FASE 6G)

Active Streams: 
  вњ… Monitoring active

File Descriptors: 262
  Growth: 88
  вњ… FD OK (<100)

Total Rotations: 0
  New rotations: 0
  вљ пёЏ WARNING: No rotations yet!

Progress: [ 26%] вввввввввввввввввввв

рџ”Ќ CRITICAL CHECKPOINT: 7-minute mark (FASE 6H failed here)
   вќЊ FAILED: Same issue as FASE 6H

======================================================================

======================================================================
CHECKPOINT 5/15 - Elapsed: 8min (481s)
======================================================================
Time: 2025-11-07 08:58:04

Goroutines: 608
  Growth: 239 (29.83/min)
  вњ“ ACCEPTABLE (<40/min - similar to FASE 6G)

Active Streams: 
  вњ… Monitoring active

File Descriptors: 294
  Growth: 120
  вќЊ FD LEAK (>100)

Total Rotations: 0
  New rotations: 0
  вљ пёЏ WARNING: No rotations yet!

Progress: [ 33%] вввввввввввввввввввв

======================================================================

======================================================================
CHECKPOINT 6/15 - Elapsed: 10min (602s)
======================================================================
Time: 2025-11-07 09:00:05

Goroutines: 671
  Growth: 302 (30.10/min)
  вњ“ ACCEPTABLE (<40/min - similar to FASE 6G)

Active Streams: 
  вњ… Monitoring active

File Descriptors: 326
  Growth: 152
  вќЊ FD LEAK (>100)

Total Rotations: 0
  New rotations: 0
  вљ пёЏ WARNING: No rotations yet!

Progress: [ 40%] вввввввввввввввввввв

======================================================================

======================================================================
CHECKPOINT 7/15 - Elapsed: 12min (722s)
======================================================================
Time: 2025-11-07 09:02:05

Goroutines: 735
  Growth: 366 (30.42/min)
  вњ“ ACCEPTABLE (<40/min - similar to FASE 6G)

Active Streams: 
  вњ… Monitoring active

File Descriptors: 358
  Growth: 184
  вќЊ FD LEAK (>100)

Total Rotations: 0
  New rotations: 0
  вљ пёЏ WARNING: No rotations yet!

Progress: [ 46%] вввввввввввввввввввв

======================================================================

======================================================================
CHECKPOINT 8/15 - Elapsed: 14min (842s)
======================================================================
Time: 2025-11-07 09:04:05

Goroutines: 801
  Growth: 432 (30.79/min)
  вњ“ ACCEPTABLE (<40/min - similar to FASE 6G)

Active Streams: 
  вњ… Monitoring active

File Descriptors: 390
  Growth: 216
  вќЊ FD LEAK (>100)

Total Rotations: 0
  New rotations: 0
  вљ пёЏ WARNING: No rotations yet!

Progress: [ 53%] вввввввввввввввввввв

======================================================================

======================================================================
CHECKPOINT 9/15 - Elapsed: 16min (962s)
======================================================================
Time: 2025-11-07 09:06:05

Goroutines: 865
  Growth: 496 (30.94/min)
  вњ“ ACCEPTABLE (<40/min - similar to FASE 6G)

Active Streams: 
  вњ… Monitoring active

File Descriptors: 422
  Growth: 248
  вќЊ FD LEAK (>100)

Total Rotations: 0
  New rotations: 0
  вљ пёЏ WARNING: No rotations yet!

Progress: [ 60%] вввввввввввввввввввв

======================================================================

======================================================================
CHECKPOINT 10/15 - Elapsed: 18min (1082s)
======================================================================
Time: 2025-11-07 09:08:05

Goroutines: 927
  Growth: 558 (30.94/min)
  вњ“ ACCEPTABLE (<40/min - similar to FASE 6G)

Active Streams: 
  вњ… Monitoring active

File Descriptors: 457
  Growth: 283
  вќЊ FD LEAK (>100)

Total Rotations: 0
  New rotations: 0
  вљ пёЏ WARNING: No rotations yet!

Progress: [ 66%] вввввввввввввввввввв

======================================================================

======================================================================
CHECKPOINT 11/15 - Elapsed: 20min (1203s)
======================================================================
Time: 2025-11-07 09:10:06

Goroutines: 1009
  Growth: 640 (31.92/min)
  вњ“ ACCEPTABLE (<40/min - similar to FASE 6G)

Active Streams: 
  вњ… Monitoring active

File Descriptors: 494
  Growth: 320
  вќЊ FD LEAK (>100)

Total Rotations: 0
  New rotations: 0
  вљ пёЏ WARNING: No rotations yet!

Progress: [ 73%] вввввввввввввввввввв

======================================================================

======================================================================
CHECKPOINT 12/15 - Elapsed: 22min (1323s)
======================================================================
Time: 2025-11-07 09:12:06

Goroutines: 1057
  Growth: 688 (31.20/min)
  вњ“ ACCEPTABLE (<40/min - similar to FASE 6G)

Active Streams: 
  вњ… Monitoring active

File Descriptors: 518
  Growth: 344
  вќЊ FD LEAK (>100)

Total Rotations: 0
  New rotations: 0
  вљ пёЏ WARNING: No rotations yet!

Progress: [ 80%] вввввввввввввввввввв

======================================================================

======================================================================
CHECKPOINT 13/15 - Elapsed: 24min (1443s)
======================================================================
Time: 2025-11-07 09:14:06

Goroutines: 1119
  Growth: 750 (31.18/min)
  вњ“ ACCEPTABLE (<40/min - similar to FASE 6G)

Active Streams: 
  вњ… Monitoring active

File Descriptors: 550
  Growth: 376
  вќЊ FD LEAK (>100)

Total Rotations: 0
  New rotations: 0
  вљ пёЏ WARNING: No rotations yet!

Progress: [ 86%] вввввввввввввввввввв

======================================================================

======================================================================
CHECKPOINT 14/15 - Elapsed: 26min (1563s)
======================================================================
Time: 2025-11-07 09:16:06

Goroutines: 1183
  Growth: 814 (31.24/min)
  вњ“ ACCEPTABLE (<40/min - similar to FASE 6G)

Active Streams: 
  вњ… Monitoring active

File Descriptors: 582
  Growth: 408
  вќЊ FD LEAK (>100)

Total Rotations: 0
  New rotations: 0
  вљ пёЏ WARNING: No rotations yet!

Progress: [ 93%] вввввввввввввввввввв

======================================================================

======================================================================
CHECKPOINT 15/15 - Elapsed: 28min (1683s)
======================================================================
Time: 2025-11-07 09:18:06

Goroutines: 1249
  Growth: 880 (31.37/min)
  вњ“ ACCEPTABLE (<40/min - similar to FASE 6G)

Active Streams: 
  вњ… Monitoring active

File Descriptors: 615
  Growth: 441
  вќЊ FD LEAK (>100)

Total Rotations: 0
  New rotations: 0
  вљ пёЏ WARNING: No rotations yet!

Progress: [100%] вввввввввввввввввввв

======================================================================

======================================================================
TEST COMPLETE - FASE 6H.1 FINISHED
======================================================================
End time: 2025-11-07 09:18:06
Duration: 30 minutes

рџ“Љ FINAL RESULTS:
================
Baseline Goroutines: 369
Final Goroutines: 1249
Total Growth: 880
Average Growth Rate: 31.37/min

вќЊ FAILED: 0
0 task timeout(s) detected

вњ“ ACCEPTABLE: Growth rate (31.37/min) is within acceptable range
   Similar to FASE 6G (~30-35/min), controlled leak

FD Growth: 441
вљ пёЏ FD leak detected

Total Rotations: 0
вќЊ No rotations recorded

Log file: /home/mateus/log_capturer_go/fase6h1_30min.log
======================================================================
