=== PHASE 3 GOROUTINE MONITORING ===
Monitoring for 10 minutes (600 seconds)
Checking every 30 seconds

=== Check 1/20 - Elapsed: 0s ===
2025-11-06 19:31:06
Goroutines: 1693
Active Streams: 
Total Rotations: 
Logs Processed: 2010
Health: 

=== Check 2/20 - Elapsed: 30s ===
2025-11-06 19:31:36
Goroutines: 1711
Active Streams: 
Total Rotations: 
Logs Processed: 2014
Health: 

=== Check 3/20 - Elapsed: 60s ===
2025-11-06 19:32:06
Goroutines: 1729
Active Streams: 
Total Rotations: 
Logs Processed: 2018
Health: 

=== Check 4/20 - Elapsed: 90s ===
2025-11-06 19:32:36
Goroutines: 1747
Active Streams: 
Total Rotations: 
Logs Processed: 2022
Health: 

=== Check 5/20 - Elapsed: 120s ===
2025-11-06 19:33:06
Goroutines: 1766
Active Streams: 
Total Rotations: 
Logs Processed: 2030
Health: 

=== Check 6/20 - Elapsed: 150s ===
2025-11-06 19:33:36
Goroutines: 1783
Active Streams: 
Total Rotations: 
Logs Processed: 2036
Health: 

=== Check 7/20 - Elapsed: 180s ===
2025-11-06 19:34:06
Goroutines: 1802
Active Streams: 
Total Rotations: 
Logs Processed: 2044
Health: 

=== Check 8/20 - Elapsed: 210s ===
2025-11-06 19:34:36
Goroutines: 1819
Active Streams: 
Total Rotations: 
Logs Processed: 2048
Health: 

=== Check 9/20 - Elapsed: 240s ===
2025-11-06 19:35:06
Goroutines: 1837
Active Streams: 
Total Rotations: 
Logs Processed: 2056
Health: 

=== Check 10/20 - Elapsed: 270s ===
2025-11-06 19:35:36
Goroutines: 1855
Active Streams: 
Total Rotations: 
Logs Processed: 2062
Health: 

=== Check 11/20 - Elapsed: 300s ===
2025-11-06 19:36:06
Goroutines: 1875
Active Streams: 
Total Rotations: 
Logs Processed: 2068
Health: 

Expected first rotation around now (5 minutes elapsed)
=== Check 12/20 - Elapsed: 330s ===
2025-11-06 19:36:36
Goroutines: 1891
Active Streams: 
Total Rotations: 
Logs Processed: 2072
Health: 

=== Check 13/20 - Elapsed: 360s ===
2025-11-06 19:37:06
Goroutines: 1911
Active Streams: 
Total Rotations: 
Logs Processed: 2078
Health: 

=== Check 14/20 - Elapsed: 390s ===
2025-11-06 19:37:36
Goroutines: 1927
Active Streams: 
Total Rotations: 
Logs Processed: 2086
Health: 

=== Check 15/20 - Elapsed: 420s ===
2025-11-06 19:38:06
Goroutines: 1945
Active Streams: 
Total Rotations: 
Logs Processed: 2096
Health: 

=== Check 16/20 - Elapsed: 451s ===
2025-11-06 19:38:37
Goroutines: 1965
Active Streams: 
Total Rotations: 
Logs Processed: 2102
Health: 

=== Check 17/20 - Elapsed: 481s ===
2025-11-06 19:39:07
Goroutines: 1981
Active Streams: 
Total Rotations: 
Logs Processed: 2110
Health: 

=== Check 18/20 - Elapsed: 511s ===
2025-11-06 19:39:37
Goroutines: 2001
Active Streams: 
Total Rotations: 
Logs Processed: 2114
Health: 

=== Check 19/20 - Elapsed: 541s ===
2025-11-06 19:40:07
Goroutines: 2019
Active Streams: 
Total Rotations: 
Logs Processed: 2118
Health: 

=== Check 20/20 - Elapsed: 571s ===
2025-11-06 19:40:37
Goroutines: 2035
Active Streams: 
Total Rotations: 
Logs Processed: 2126
Health: 

=== MONITORING COMPLETE ===
